21/08/06 08:16:52 WARN NativeCodeLoader: Unable to load native-hadoop library for your platform... using builtin-java classes where applicable
21/08/06 08:16:52 INFO SecurityManager: Changing view acls to: edgar
21/08/06 08:16:52 INFO SecurityManager: Changing modify acls to: edgar
21/08/06 08:16:52 INFO SecurityManager: Changing view acls groups to: 
21/08/06 08:16:52 INFO SecurityManager: Changing modify acls groups to: 
21/08/06 08:16:52 INFO SecurityManager: SecurityManager: authentication disabled; ui acls disabled; users  with view permissions: Set(edgar); groups with view permissions: Set(); users  with modify permissions: Set(edgar); groups with modify permissions: Set()
21/08/06 08:16:58 INFO HiveConf: Found configuration file file:/Users/edgar/spark/spark-3.1.1-bin-hadoop3.2/conf/hive-site.xml
21/08/06 08:16:58 INFO SparkContext: Running Spark version 3.1.1
21/08/06 08:16:59 INFO ResourceUtils: ==============================================================
21/08/06 08:16:59 INFO ResourceUtils: No custom resources configured for spark.driver.
21/08/06 08:16:59 INFO ResourceUtils: ==============================================================
21/08/06 08:16:59 INFO SparkContext: Submitted application: sparklyr
21/08/06 08:16:59 INFO ResourceProfile: Default ResourceProfile created, executor resources: Map(cores -> name: cores, amount: 1, script: , vendor: , memory -> name: memory, amount: 1024, script: , vendor: , offHeap -> name: offHeap, amount: 0, script: , vendor: ), task resources: Map(cpus -> name: cpus, amount: 1.0)
21/08/06 08:16:59 INFO ResourceProfile: Limiting resource is cpu
21/08/06 08:16:59 INFO ResourceProfileManager: Added ResourceProfile id: 0
21/08/06 08:16:59 INFO SecurityManager: Changing view acls to: edgar
21/08/06 08:16:59 INFO SecurityManager: Changing modify acls to: edgar
21/08/06 08:16:59 INFO SecurityManager: Changing view acls groups to: 
21/08/06 08:16:59 INFO SecurityManager: Changing modify acls groups to: 
21/08/06 08:16:59 INFO SecurityManager: SecurityManager: authentication disabled; ui acls disabled; users  with view permissions: Set(edgar); groups with view permissions: Set(); users  with modify permissions: Set(edgar); groups with modify permissions: Set()
21/08/06 08:16:59 INFO Utils: Successfully started service 'sparkDriver' on port 50639.
21/08/06 08:16:59 INFO SparkEnv: Registering MapOutputTracker
21/08/06 08:16:59 INFO SparkEnv: Registering BlockManagerMaster
21/08/06 08:16:59 INFO BlockManagerMasterEndpoint: Using org.apache.spark.storage.DefaultTopologyMapper for getting topology information
21/08/06 08:16:59 INFO BlockManagerMasterEndpoint: BlockManagerMasterEndpoint up
21/08/06 08:16:59 INFO SparkEnv: Registering BlockManagerMasterHeartbeat
21/08/06 08:16:59 INFO DiskBlockManager: Created local directory at /private/var/folders/l8/v1ym1mc10_b0dftql5wrrm8w0000gn/T/blockmgr-484d1915-17fe-4b2b-b12a-dfce022e7222
21/08/06 08:16:59 INFO MemoryStore: MemoryStore started with capacity 912.3 MiB
21/08/06 08:16:59 INFO SparkEnv: Registering OutputCommitCoordinator
21/08/06 08:16:59 INFO Utils: Successfully started service 'SparkUI' on port 4040.
21/08/06 08:16:59 INFO SparkUI: Bound SparkUI to 127.0.0.1, and started at http://localhost:4040
21/08/06 08:16:59 INFO SparkContext: Added JAR file:/Library/Frameworks/R.framework/Versions/4.1-arm64/Resources/library/sparklyr/java/sparklyr-master-2.12.jar at spark://localhost:50639/jars/sparklyr-master-2.12.jar with timestamp 1628255818983
21/08/06 08:17:00 INFO Executor: Starting executor ID driver on host localhost
21/08/06 08:17:00 INFO Executor: Fetching spark://localhost:50639/jars/sparklyr-master-2.12.jar with timestamp 1628255818983
21/08/06 08:17:00 INFO TransportClientFactory: Successfully created connection to localhost/127.0.0.1:50639 after 14 ms (0 ms spent in bootstraps)
21/08/06 08:17:00 INFO Utils: Fetching spark://localhost:50639/jars/sparklyr-master-2.12.jar to /private/var/folders/l8/v1ym1mc10_b0dftql5wrrm8w0000gn/T/spark-4f9e4e43-ce7c-4769-89ee-c10ae06eb651/userFiles-26873f35-fdf8-4a5b-9ac6-d5c8a971036b/fetchFileTemp5674017030106398022.tmp
21/08/06 08:17:00 INFO Executor: Adding file:/private/var/folders/l8/v1ym1mc10_b0dftql5wrrm8w0000gn/T/spark-4f9e4e43-ce7c-4769-89ee-c10ae06eb651/userFiles-26873f35-fdf8-4a5b-9ac6-d5c8a971036b/sparklyr-master-2.12.jar to class loader
21/08/06 08:17:00 INFO Utils: Successfully started service 'org.apache.spark.network.netty.NettyBlockTransferService' on port 50641.
21/08/06 08:17:00 INFO NettyBlockTransferService: Server created on localhost:50641
21/08/06 08:17:00 INFO BlockManager: Using org.apache.spark.storage.RandomBlockReplicationPolicy for block replication policy
21/08/06 08:17:00 INFO BlockManagerMaster: Registering BlockManager BlockManagerId(driver, localhost, 50641, None)
21/08/06 08:17:00 INFO BlockManagerMasterEndpoint: Registering block manager localhost:50641 with 912.3 MiB RAM, BlockManagerId(driver, localhost, 50641, None)
21/08/06 08:17:00 INFO BlockManagerMaster: Registered BlockManager BlockManagerId(driver, localhost, 50641, None)
21/08/06 08:17:00 INFO BlockManager: Initialized BlockManager: BlockManagerId(driver, localhost, 50641, None)
21/08/06 08:17:00 INFO SharedState: Setting hive.metastore.warehouse.dir ('null') to the value of spark.sql.warehouse.dir ('file:/Users/edgar/R%20Projects/spark.rstudio.com/spark-warehouse').
21/08/06 08:17:00 INFO SharedState: Warehouse path is 'file:/Users/edgar/R%20Projects/spark.rstudio.com/spark-warehouse'.
21/08/06 08:17:03 INFO HiveUtils: Initializing HiveMetastoreConnection version 2.3.7 using Spark classes.
21/08/06 08:17:03 INFO HiveConf: Found configuration file file:/Users/edgar/spark/spark-3.1.1-bin-hadoop3.2/conf/hive-site.xml
21/08/06 08:17:04 INFO SessionState: Created HDFS directory: /tmp/hive/edgar
21/08/06 08:17:04 INFO SessionState: Created local directory: /var/folders/l8/v1ym1mc10_b0dftql5wrrm8w0000gn/T/edgar
21/08/06 08:17:04 INFO SessionState: Created HDFS directory: /tmp/hive/edgar/956db6a2-d020-4c0b-94b8-30c0e6b2d1e9
21/08/06 08:17:04 INFO SessionState: Created local directory: /var/folders/l8/v1ym1mc10_b0dftql5wrrm8w0000gn/T/edgar/956db6a2-d020-4c0b-94b8-30c0e6b2d1e9
21/08/06 08:17:04 INFO SessionState: Created HDFS directory: /tmp/hive/edgar/956db6a2-d020-4c0b-94b8-30c0e6b2d1e9/_tmp_space.db
21/08/06 08:17:04 INFO HiveClientImpl: Warehouse location for Hive client (version 2.3.7) is file:/Users/edgar/R%20Projects/spark.rstudio.com/spark-warehouse
21/08/06 08:17:04 WARN HiveConf: HiveConf of name hive.stats.jdbc.timeout does not exist
21/08/06 08:17:04 WARN HiveConf: HiveConf of name hive.stats.retries.wait does not exist
21/08/06 08:17:04 INFO HiveMetaStore: 0: Opening raw store with implementation class:org.apache.hadoop.hive.metastore.ObjectStore
21/08/06 08:17:09 INFO ObjectStore: ObjectStore, initialize called
21/08/06 08:17:10 INFO Persistence: Property hive.metastore.integral.jdo.pushdown unknown - will be ignored
21/08/06 08:17:10 INFO Persistence: Property datanucleus.cache.level2 unknown - will be ignored
21/08/06 08:17:11 INFO ObjectStore: Setting MetaStore object pin classes with hive.metastore.cache.pinobjtypes="Table,StorageDescriptor,SerDeInfo,Partition,Database,Type,FieldSchema,Order"
21/08/06 08:17:14 INFO MetaStoreDirectSql: Using direct SQL, underlying DB is DERBY
21/08/06 08:17:14 INFO ObjectStore: Initialized ObjectStore
21/08/06 08:17:14 WARN ObjectStore: Version information not found in metastore. hive.metastore.schema.verification is not enabled so recording the schema version 2.3.0
21/08/06 08:17:14 WARN ObjectStore: setMetaStoreSchemaVersion called but recording version is disabled: version = 2.3.0, comment = Set by MetaStore edgar@192.168.0.140
21/08/06 08:17:14 WARN ObjectStore: Failed to get database default, returning NoSuchObjectException
21/08/06 08:17:14 INFO HiveMetaStore: Added admin role in metastore
21/08/06 08:17:14 INFO HiveMetaStore: Added public role in metastore
21/08/06 08:17:14 INFO HiveMetaStore: No user is added in admin role, since config is empty
21/08/06 08:17:14 INFO HiveMetaStore: 0: get_all_functions
21/08/06 08:17:14 INFO audit: ugi=edgar	ip=unknown-ip-addr	cmd=get_all_functions	
21/08/06 08:17:14 INFO HiveMetaStore: 0: get_database: default
21/08/06 08:17:15 INFO audit: ugi=edgar	ip=unknown-ip-addr	cmd=get_database: default	
21/08/06 08:17:15 INFO HiveMetaStore: 0: get_database: global_temp
21/08/06 08:17:15 INFO audit: ugi=edgar	ip=unknown-ip-addr	cmd=get_database: global_temp	
21/08/06 08:17:15 WARN ObjectStore: Failed to get database global_temp, returning NoSuchObjectException
21/08/06 08:17:15 INFO HiveMetaStore: 0: get_database: default
21/08/06 08:17:15 INFO audit: ugi=edgar	ip=unknown-ip-addr	cmd=get_database: default	
21/08/06 08:17:15 INFO HiveMetaStore: 0: get_database: default
21/08/06 08:17:15 INFO audit: ugi=edgar	ip=unknown-ip-addr	cmd=get_database: default	
21/08/06 08:17:15 INFO HiveMetaStore: 0: get_tables: db=default pat=*
21/08/06 08:17:15 INFO audit: ugi=edgar	ip=unknown-ip-addr	cmd=get_tables: db=default pat=*	
21/08/06 08:17:16 INFO CodeGenerator: Code generated in 229.347917 ms
21/08/06 08:17:16 INFO CodeGenerator: Code generated in 38.554292 ms
21/08/06 08:17:16 INFO SparkContext: Starting job: count at utils.scala:24
21/08/06 08:17:16 INFO DAGScheduler: Registering RDD 2 (count at utils.scala:24) as input to shuffle 0
21/08/06 08:17:16 INFO DAGScheduler: Got job 0 (count at utils.scala:24) with 1 output partitions
21/08/06 08:17:16 INFO DAGScheduler: Final stage: ResultStage 1 (count at utils.scala:24)
21/08/06 08:17:16 INFO DAGScheduler: Parents of final stage: List(ShuffleMapStage 0)
21/08/06 08:17:16 INFO DAGScheduler: Missing parents: List()
21/08/06 08:17:16 INFO DAGScheduler: Submitting ResultStage 1 (MapPartitionsRDD[5] at count at utils.scala:24), which has no missing parents
21/08/06 08:17:16 INFO MemoryStore: Block broadcast_0 stored as values in memory (estimated size 10.1 KiB, free 912.3 MiB)
21/08/06 08:17:16 INFO MemoryStore: Block broadcast_0_piece0 stored as bytes in memory (estimated size 5.0 KiB, free 912.3 MiB)
21/08/06 08:17:16 INFO BlockManagerInfo: Added broadcast_0_piece0 in memory on localhost:50641 (size: 5.0 KiB, free: 912.3 MiB)
21/08/06 08:17:16 INFO SparkContext: Created broadcast 0 from broadcast at DAGScheduler.scala:1383
21/08/06 08:17:16 INFO DAGScheduler: Submitting 1 missing tasks from ResultStage 1 (MapPartitionsRDD[5] at count at utils.scala:24) (first 15 tasks are for partitions Vector(0))
21/08/06 08:17:16 INFO TaskSchedulerImpl: Adding task set 1.0 with 1 tasks resource profile 0
21/08/06 08:17:16 INFO TaskSetManager: Starting task 0.0 in stage 1.0 (TID 0) (localhost, executor driver, partition 0, PROCESS_LOCAL, 4453 bytes) taskResourceAssignments Map()
21/08/06 08:17:16 INFO Executor: Running task 0.0 in stage 1.0 (TID 0)
21/08/06 08:17:17 INFO ShuffleBlockFetcherIterator: Getting 0 (0.0 B) non-empty blocks including 0 (0.0 B) local and 0 (0.0 B) host-local and 0 (0.0 B) remote blocks
21/08/06 08:17:17 INFO ShuffleBlockFetcherIterator: Started 0 remote fetches in 7 ms
21/08/06 08:17:17 INFO Executor: Finished task 0.0 in stage 1.0 (TID 0). 2684 bytes result sent to driver
21/08/06 08:17:17 INFO TaskSetManager: Finished task 0.0 in stage 1.0 (TID 0) in 546 ms on localhost (executor driver) (1/1)
21/08/06 08:17:17 INFO TaskSchedulerImpl: Removed TaskSet 1.0, whose tasks have all completed, from pool 
21/08/06 08:17:17 INFO DAGScheduler: ResultStage 1 (count at utils.scala:24) finished in 0.806 s
21/08/06 08:17:17 INFO DAGScheduler: Job 0 is finished. Cancelling potential speculative or zombie tasks for this job
21/08/06 08:17:17 INFO TaskSchedulerImpl: Killing all running tasks in stage 1: Stage finished
21/08/06 08:17:17 INFO DAGScheduler: Job 0 finished: count at utils.scala:24, took 0.870705 s
21/08/06 08:17:17 INFO HiveMetaStore: 0: get_database: default
21/08/06 08:17:17 INFO audit: ugi=edgar	ip=unknown-ip-addr	cmd=get_database: default	
21/08/06 08:17:17 INFO HiveMetaStore: 0: get_database: default
21/08/06 08:17:17 INFO audit: ugi=edgar	ip=unknown-ip-addr	cmd=get_database: default	
21/08/06 08:17:17 INFO HiveMetaStore: 0: get_tables: db=default pat=*
21/08/06 08:17:17 INFO audit: ugi=edgar	ip=unknown-ip-addr	cmd=get_tables: db=default pat=*	
21/08/06 08:17:17 INFO SparkContext: Starting job: count at utils.scala:24
21/08/06 08:17:17 INFO DAGScheduler: Registering RDD 8 (count at utils.scala:24) as input to shuffle 1
21/08/06 08:17:17 INFO DAGScheduler: Got job 1 (count at utils.scala:24) with 1 output partitions
21/08/06 08:17:17 INFO DAGScheduler: Final stage: ResultStage 3 (count at utils.scala:24)
21/08/06 08:17:17 INFO DAGScheduler: Parents of final stage: List(ShuffleMapStage 2)
21/08/06 08:17:17 INFO DAGScheduler: Missing parents: List()
21/08/06 08:17:17 INFO DAGScheduler: Submitting ResultStage 3 (MapPartitionsRDD[11] at count at utils.scala:24), which has no missing parents
21/08/06 08:17:17 INFO MemoryStore: Block broadcast_1 stored as values in memory (estimated size 10.1 KiB, free 912.3 MiB)
21/08/06 08:17:17 INFO MemoryStore: Block broadcast_1_piece0 stored as bytes in memory (estimated size 5.0 KiB, free 912.3 MiB)
21/08/06 08:17:17 INFO BlockManagerInfo: Added broadcast_1_piece0 in memory on localhost:50641 (size: 5.0 KiB, free: 912.3 MiB)
21/08/06 08:17:17 INFO SparkContext: Created broadcast 1 from broadcast at DAGScheduler.scala:1383
21/08/06 08:17:17 INFO DAGScheduler: Submitting 1 missing tasks from ResultStage 3 (MapPartitionsRDD[11] at count at utils.scala:24) (first 15 tasks are for partitions Vector(0))
21/08/06 08:17:17 INFO TaskSchedulerImpl: Adding task set 3.0 with 1 tasks resource profile 0
21/08/06 08:17:17 INFO TaskSetManager: Starting task 0.0 in stage 3.0 (TID 1) (localhost, executor driver, partition 0, PROCESS_LOCAL, 4453 bytes) taskResourceAssignments Map()
21/08/06 08:17:17 INFO Executor: Running task 0.0 in stage 3.0 (TID 1)
21/08/06 08:17:17 INFO ShuffleBlockFetcherIterator: Getting 0 (0.0 B) non-empty blocks including 0 (0.0 B) local and 0 (0.0 B) host-local and 0 (0.0 B) remote blocks
21/08/06 08:17:17 INFO ShuffleBlockFetcherIterator: Started 0 remote fetches in 2 ms
21/08/06 08:17:17 INFO Executor: Finished task 0.0 in stage 3.0 (TID 1). 2641 bytes result sent to driver
21/08/06 08:17:17 INFO TaskSetManager: Finished task 0.0 in stage 3.0 (TID 1) in 18 ms on localhost (executor driver) (1/1)
21/08/06 08:17:17 INFO TaskSchedulerImpl: Removed TaskSet 3.0, whose tasks have all completed, from pool 
21/08/06 08:17:17 INFO DAGScheduler: ResultStage 3 (count at utils.scala:24) finished in 0.037 s
21/08/06 08:17:17 INFO DAGScheduler: Job 1 is finished. Cancelling potential speculative or zombie tasks for this job
21/08/06 08:17:17 INFO TaskSchedulerImpl: Killing all running tasks in stage 3: Stage finished
21/08/06 08:17:17 INFO DAGScheduler: Job 1 finished: count at utils.scala:24, took 0.049591 s
21/08/06 08:17:17 INFO BlockManagerInfo: Removed broadcast_1_piece0 on localhost:50641 in memory (size: 5.0 KiB, free: 912.3 MiB)
21/08/06 08:17:17 INFO BlockManagerInfo: Removed broadcast_0_piece0 on localhost:50641 in memory (size: 5.0 KiB, free: 912.3 MiB)
21/08/06 08:17:24 INFO SparkContext: Invoking stop() from shutdown hook
21/08/06 08:17:24 INFO SparkUI: Stopped Spark web UI at http://localhost:4040
21/08/06 08:17:24 INFO MapOutputTrackerMasterEndpoint: MapOutputTrackerMasterEndpoint stopped!
21/08/06 08:17:24 INFO MemoryStore: MemoryStore cleared
21/08/06 08:17:24 INFO BlockManager: BlockManager stopped
21/08/06 08:17:24 INFO BlockManagerMaster: BlockManagerMaster stopped
21/08/06 08:17:24 INFO OutputCommitCoordinator$OutputCommitCoordinatorEndpoint: OutputCommitCoordinator stopped!
21/08/06 08:17:24 INFO SparkContext: Successfully stopped SparkContext
21/08/06 08:17:24 INFO ShutdownHookManager: Shutdown hook called
21/08/06 08:17:24 INFO ShutdownHookManager: Deleting directory /private/var/folders/l8/v1ym1mc10_b0dftql5wrrm8w0000gn/T/spark-696ff885-6fad-4c83-8c18-fd59ffcbd6b1
21/08/06 08:17:24 INFO ShutdownHookManager: Deleting directory /private/var/folders/l8/v1ym1mc10_b0dftql5wrrm8w0000gn/T/spark-4f9e4e43-ce7c-4769-89ee-c10ae06eb651
